<html>
<head>
<title>TestNG:  test1</title>
<link href="../testng.css" rel="stylesheet" type="text/css" />
<link href="../my-testng.css" rel="stylesheet" type="text/css" />

<style type="text/css">
.log { display: none;} 
.stack-trace { display: none;} 
</style>
<script type="text/javascript">
<!--
function flip(e) {
  current = e.style.display;
  if (current == 'block') {
    e.style.display = 'none';
    return 0;
  }
  else {
    e.style.display = 'block';
    return 1;
  }
}

function toggleBox(szDivId, elem, msg1, msg2)
{
  var res = -1;  if (document.getElementById) {
    res = flip(document.getElementById(szDivId));
  }
  else if (document.all) {
    // this is the way old msie versions work
    res = flip(document.all[szDivId]);
  }
  if(elem) {
    if(res == 0) elem.innerHTML = msg1; else elem.innerHTML = msg2;
  }

}

function toggleAllBoxes() {
  if (document.getElementsByTagName) {
    d = document.getElementsByTagName('div');
    for (i = 0; i < d.length; i++) {
      if (d[i].className == 'log') {
        flip(d[i]);
      }
    }
  }
}

// -->
</script>

</head>
<body>
<h2 align='center'>test1</h2><table border='1' align="center">
<tr>
<td>Tests passed/Failed/Skipped:</td><td>2/2/4</td>
</tr><tr>
<td>Started on:</td><td>Sun Mar 26 18:44:40 CST 2017</td>
</tr>
<tr><td>Total time:</td><td>151 seconds (151451 ms)</td>
</tr><tr>
<td>Included groups:</td><td></td>
</tr><tr>
<td>Excluded groups:</td><td></td>
</tr>
</table><p/>
<small><i>(Hover the method name to see the test class name)</i></small><p/>
<table width='100%' border='1' class='invocation-failed'>
<tr><td colspan='4' align='center'><b>FAILED TESTS</b></td></tr>
<tr><td><b>Test method</b></td>
<td width="30%"><b>Exception</b></td>
<td width="10%"><b>Time (seconds)</b></td>
<td><b>Instance</b></td>
</tr>
<tr>
<td title='com.first.testcases.NewTest.f1()'><b>f1</b><br>Test class: com.first.testcases.NewTest<br/>
<a href="#Output-371397455" onClick='toggleBox("Output-371397455", this, "Show output", "Hide output");'>Show output</a>

<a href="#Output-371397455" onClick="toggleAllBoxes();">Show all outputs</a>
<div class='log' id="Output-371397455">
<span style="color:#FF0000">【error】com.first.utils.TestNGListener: 【f1】测试用例执行失败</span><br /><br/>
</div>
</td>
<td><div><pre>java.lang.AssertionError: 断言失败
	at com.first.utils.AssertUtils.checkIntNum(AssertUtils.java:14)
	at com.first.testcases.NewTest.f1(NewTest.java:26)
... Removed 25 stack frames</pre></div><a href='#' onClick='toggleBox("stack-trace371397455", this, "Click to show all stack frames", "Click to hide stack frames")'>Click to show all stack frames</a>
<div class='stack-trace' id='stack-trace371397455'><pre>java.lang.AssertionError: 断言失败
	at org.testng.Assert.fail(Assert.java:94)
	at com.first.utils.AssertUtils.checkIntNum(AssertUtils.java:14)
	at com.first.testcases.NewTest.f1(NewTest.java:26)
	at sun.reflect.NativeMethodAccessorImpl.invoke0(Native Method)
	at sun.reflect.NativeMethodAccessorImpl.invoke(Unknown Source)
	at sun.reflect.DelegatingMethodAccessorImpl.invoke(Unknown Source)
	at java.lang.reflect.Method.invoke(Unknown Source)
	at org.testng.internal.MethodInvocationHelper.invokeMethod(MethodInvocationHelper.java:86)
	at org.testng.internal.Invoker.invokeMethod(Invoker.java:643)
	at org.testng.internal.Invoker.retryFailed(Invoker.java:967)
	at org.testng.internal.Invoker.invokeTestMethods(Invoker.java:1146)
	at org.testng.internal.TestMethodWorker.invokeTestMethods(TestMethodWorker.java:129)
	at org.testng.internal.TestMethodWorker.run(TestMethodWorker.java:112)
	at org.testng.TestRunner.privateRun(TestRunner.java:782)
	at org.testng.TestRunner.run(TestRunner.java:632)
	at org.testng.SuiteRunner.runTest(SuiteRunner.java:366)
	at org.testng.SuiteRunner.runSequentially(SuiteRunner.java:361)
	at org.testng.SuiteRunner.privateRun(SuiteRunner.java:319)
	at org.testng.SuiteRunner.run(SuiteRunner.java:268)
	at org.testng.SuiteRunnerWorker.runSuite(SuiteRunnerWorker.java:52)
	at org.testng.SuiteRunnerWorker.run(SuiteRunnerWorker.java:86)
	at org.testng.TestNG.runSuitesSequentially(TestNG.java:1244)
	at org.testng.TestNG.runSuitesLocally(TestNG.java:1169)
	at org.testng.TestNG.run(TestNG.java:1064)
	at org.testng.remote.RemoteTestNG.run(RemoteTestNG.java:113)
	at org.testng.remote.RemoteTestNG.initAndRun(RemoteTestNG.java:206)
	at org.testng.remote.RemoteTestNG.main(RemoteTestNG.java:177)
</pre></div></td>
<td>0</td>
<td>com.first.testcases.NewTest@55040f2f</td></tr>
<tr>
<td title='com.first.testcases.LoginTest.loginTest01()'><b>loginTest01</b><br>Test class: com.first.testcases.LoginTest<br/>
<a href="#Output-1658512704" onClick='toggleBox("Output-1658512704", this, "Show output", "Hide output");'>Show output</a>

<a href="#Output-1658512704" onClick="toggleAllBoxes();">Show all outputs</a>
<div class='log' id="Output-1658512704">
<span style="color:#2A00FF">【info】com.first.uiframework.DriverUtils: 打开网址：http://192.168.0.113:80/zentao</span><br /><br/>
<span style="color:#FF0000">【error】com.first.uiframework.DriverUtils: 元素：用户名输入框 识别异常</span><br /><br/>
<span style="color:#2A00FF">【info】com.first.uiframework.DriverUtils: 截图成功，图片保存路径为：F:\workspace\UITest\shot\findElementErrorImage_2017_03_26_18_47_07.png</span><br /><br/>
<a target='_blank' href="file:F:\workspace\UITest\shot\findElementErrorImage_2017_03_26_18_47_07.png"><br/>
<img width="220" src="file:F:\workspace\UITest\shot\findElementErrorImage_2017_03_26_18_47_07.png" />    截图：C:\Users\ADMINI~1\AppData\Local\Temp\screenshot5559388342293990366.png<br/>
</a><br /><br/>
<span style="color:#FF0000">【error】com.first.utils.TestNGListener: 【loginTest01】测试用例执行失败</span><br /><br/>
</div>
</td>
<td><div><pre>java.lang.AssertionError: 查找元素异常，退出当前测试用例
	at com.first.uiframework.WebElementUtils.getElement(WebElementUtils.java:54)
	at com.first.uiframework.WebElementUtils$1.apply(WebElementUtils.java:63)
	at com.first.uiframework.WebElementUtils$1.apply(WebElementUtils.java:1)
	at org.openqa.selenium.support.ui.FluentWait.until(FluentWait.java:238)
	at com.first.uiframework.WebElementUtils.findElement(WebElementUtils.java:61)
	at com.first.uiframework.WebElementUtils.input(WebElementUtils.java:76)
	at com.first.pages.LoginPage.inputUserName(LoginPage.java:30)
	at com.first.actions.LoginOperate.LoginSuess(LoginOperate.java:25)
	at com.first.actions.LoginOperate.getLoginName(LoginOperate.java:32)
	at com.first.testcases.LoginTest.loginTest01(LoginTest.java:47)
... Removed 25 stack frames</pre></div><a href='#' onClick='toggleBox("stack-trace1658512704", this, "Click to show all stack frames", "Click to hide stack frames")'>Click to show all stack frames</a>
<div class='stack-trace' id='stack-trace1658512704'><pre>java.lang.AssertionError: 查找元素异常，退出当前测试用例
	at org.testng.Assert.fail(Assert.java:94)
	at com.first.uiframework.WebElementUtils.getElement(WebElementUtils.java:54)
	at com.first.uiframework.WebElementUtils$1.apply(WebElementUtils.java:63)
	at com.first.uiframework.WebElementUtils$1.apply(WebElementUtils.java:1)
	at org.openqa.selenium.support.ui.FluentWait.until(FluentWait.java:238)
	at com.first.uiframework.WebElementUtils.findElement(WebElementUtils.java:61)
	at com.first.uiframework.WebElementUtils.input(WebElementUtils.java:76)
	at com.first.pages.LoginPage.inputUserName(LoginPage.java:30)
	at com.first.actions.LoginOperate.LoginSuess(LoginOperate.java:25)
	at com.first.actions.LoginOperate.getLoginName(LoginOperate.java:32)
	at com.first.testcases.LoginTest.loginTest01(LoginTest.java:47)
	at sun.reflect.NativeMethodAccessorImpl.invoke0(Native Method)
	at sun.reflect.NativeMethodAccessorImpl.invoke(Unknown Source)
	at sun.reflect.DelegatingMethodAccessorImpl.invoke(Unknown Source)
	at java.lang.reflect.Method.invoke(Unknown Source)
	at org.testng.internal.MethodInvocationHelper.invokeMethod(MethodInvocationHelper.java:86)
	at org.testng.internal.Invoker.invokeMethod(Invoker.java:643)
	at org.testng.internal.Invoker.retryFailed(Invoker.java:967)
	at org.testng.internal.Invoker.invokeTestMethods(Invoker.java:1146)
	at org.testng.internal.TestMethodWorker.invokeTestMethods(TestMethodWorker.java:129)
	at org.testng.internal.TestMethodWorker.run(TestMethodWorker.java:112)
	at org.testng.TestRunner.privateRun(TestRunner.java:782)
	at org.testng.TestRunner.run(TestRunner.java:632)
	at org.testng.SuiteRunner.runTest(SuiteRunner.java:366)
	at org.testng.SuiteRunner.runSequentially(SuiteRunner.java:361)
	at org.testng.SuiteRunner.privateRun(SuiteRunner.java:319)
	at org.testng.SuiteRunner.run(SuiteRunner.java:268)
	at org.testng.SuiteRunnerWorker.runSuite(SuiteRunnerWorker.java:52)
	at org.testng.SuiteRunnerWorker.run(SuiteRunnerWorker.java:86)
	at org.testng.TestNG.runSuitesSequentially(TestNG.java:1244)
	at org.testng.TestNG.runSuitesLocally(TestNG.java:1169)
	at org.testng.TestNG.run(TestNG.java:1064)
	at org.testng.remote.RemoteTestNG.run(RemoteTestNG.java:113)
	at org.testng.remote.RemoteTestNG.initAndRun(RemoteTestNG.java:206)
	at org.testng.remote.RemoteTestNG.main(RemoteTestNG.java:177)
</pre></div></td>
<td>31</td>
<td>com.first.testcases.LoginTest@6ee12bac</td></tr>
</table><p>
<table width='100%' border='1' class='invocation-passed'>
<tr><td colspan='4' align='center'><b>PASSED TESTS</b></td></tr>
<tr><td><b>Test method</b></td>
<td width="30%"><b>Exception</b></td>
<td width="10%"><b>Time (seconds)</b></td>
<td><b>Instance</b></td>
</tr>
<tr>
<td title='com.first.testcases.NewTest1.f()'><b>f</b><br>Test class: com.first.testcases.NewTest1<br/>
<a href="#Output-36531985" onClick='toggleBox("Output-36531985", this, "Show output", "Hide output");'>Show output</a>

<a href="#Output-36531985" onClick="toggleAllBoxes();">Show all outputs</a>
<div class='log' id="Output-36531985">
<span style="color:#2A00FF">【info】com.first.utils.TestNGListener: 【f】测试用例执行成功</span><br /><br/>
</div>
</td>
<td></td>
<td>0</td>
<td>com.first.testcases.NewTest1@64c87930</td></tr>
<tr>
<td title='com.first.testcases.NewTest.f2()'><b>f2</b><br>Test class: com.first.testcases.NewTest<br/>
<a href="#Output-1977618945" onClick='toggleBox("Output-1977618945", this, "Show output", "Hide output");'>Show output</a>

<a href="#Output-1977618945" onClick="toggleAllBoxes();">Show all outputs</a>
<div class='log' id="Output-1977618945">
<span style="color:#2A00FF">【info】com.first.utils.TestNGListener: 【f2】测试用例执行成功</span><br /><br/>
</div>
</td>
<td></td>
<td>0</td>
<td>com.first.testcases.NewTest@55040f2f</td></tr>
</table><p>
<table width='100%' border='1' class='invocation-skipped'>
<tr><td colspan='4' align='center'><b>SKIPPED TESTS</b></td></tr>
<tr><td><b>Test method</b></td>
<td width="30%"><b>Exception</b></td>
<td width="10%"><b>Time (seconds)</b></td>
<td><b>Instance</b></td>
</tr>
<tr>
<td title='com.first.testcases.NewTest.f1()'><b>f1</b><br>Test class: com.first.testcases.NewTest<br/>
<a href="#Output-1328323494" onClick='toggleBox("Output-1328323494", this, "Show output", "Hide output");'>Show output</a>

<a href="#Output-1328323494" onClick="toggleAllBoxes();">Show all outputs</a>
<div class='log' id="Output-1328323494">
<span style="color:#2A00FF">【info】com.first.utils.TestngRetry: 测试类：'com.first.utils.TestngRetry' 中的测试方法：'f1' 执行失败，重试第 1 次</span><br /><br/>
<span style="color:#FF0000">【error】com.first.utils.TestNGListener: 【f1】测试用例被跳过</span><br /><br/>
</div>
</td>
<td><div><pre>java.lang.AssertionError: 断言失败
	at com.first.utils.AssertUtils.checkIntNum(AssertUtils.java:14)
	at com.first.testcases.NewTest.f1(NewTest.java:26)
... Removed 25 stack frames</pre></div><a href='#' onClick='toggleBox("stack-trace1328323494", this, "Click to show all stack frames", "Click to hide stack frames")'>Click to show all stack frames</a>
<div class='stack-trace' id='stack-trace1328323494'><pre>java.lang.AssertionError: 断言失败
	at org.testng.Assert.fail(Assert.java:94)
	at com.first.utils.AssertUtils.checkIntNum(AssertUtils.java:14)
	at com.first.testcases.NewTest.f1(NewTest.java:26)
	at sun.reflect.NativeMethodAccessorImpl.invoke0(Native Method)
	at sun.reflect.NativeMethodAccessorImpl.invoke(Unknown Source)
	at sun.reflect.DelegatingMethodAccessorImpl.invoke(Unknown Source)
	at java.lang.reflect.Method.invoke(Unknown Source)
	at org.testng.internal.MethodInvocationHelper.invokeMethod(MethodInvocationHelper.java:86)
	at org.testng.internal.Invoker.invokeMethod(Invoker.java:643)
	at org.testng.internal.Invoker.invokeTestMethod(Invoker.java:820)
	at org.testng.internal.Invoker.invokeTestMethods(Invoker.java:1128)
	at org.testng.internal.TestMethodWorker.invokeTestMethods(TestMethodWorker.java:129)
	at org.testng.internal.TestMethodWorker.run(TestMethodWorker.java:112)
	at org.testng.TestRunner.privateRun(TestRunner.java:782)
	at org.testng.TestRunner.run(TestRunner.java:632)
	at org.testng.SuiteRunner.runTest(SuiteRunner.java:366)
	at org.testng.SuiteRunner.runSequentially(SuiteRunner.java:361)
	at org.testng.SuiteRunner.privateRun(SuiteRunner.java:319)
	at org.testng.SuiteRunner.run(SuiteRunner.java:268)
	at org.testng.SuiteRunnerWorker.runSuite(SuiteRunnerWorker.java:52)
	at org.testng.SuiteRunnerWorker.run(SuiteRunnerWorker.java:86)
	at org.testng.TestNG.runSuitesSequentially(TestNG.java:1244)
	at org.testng.TestNG.runSuitesLocally(TestNG.java:1169)
	at org.testng.TestNG.run(TestNG.java:1064)
	at org.testng.remote.RemoteTestNG.run(RemoteTestNG.java:113)
	at org.testng.remote.RemoteTestNG.initAndRun(RemoteTestNG.java:206)
	at org.testng.remote.RemoteTestNG.main(RemoteTestNG.java:177)
</pre></div></td>
<td>0</td>
<td>com.first.testcases.NewTest@55040f2f</td></tr>
<tr>
<td title='com.first.testcases.NewTest.f1()'><b>f1</b><br>Test class: com.first.testcases.NewTest<br/>
<a href="#Output-353023213" onClick='toggleBox("Output-353023213", this, "Show output", "Hide output");'>Show output</a>

<a href="#Output-353023213" onClick="toggleAllBoxes();">Show all outputs</a>
<div class='log' id="Output-353023213">
<span style="color:#2A00FF">【info】com.first.utils.TestngRetry: 测试类：'com.first.utils.TestngRetry' 中的测试方法：'f1' 执行失败，重试第 2 次</span><br /><br/>
<span style="color:#FF0000">【error】com.first.utils.TestNGListener: 【f1】测试用例被跳过</span><br /><br/>
</div>
</td>
<td><div><pre>java.lang.AssertionError: 断言失败
	at com.first.utils.AssertUtils.checkIntNum(AssertUtils.java:14)
	at com.first.testcases.NewTest.f1(NewTest.java:26)
... Removed 25 stack frames</pre></div><a href='#' onClick='toggleBox("stack-trace353023213", this, "Click to show all stack frames", "Click to hide stack frames")'>Click to show all stack frames</a>
<div class='stack-trace' id='stack-trace353023213'><pre>java.lang.AssertionError: 断言失败
	at org.testng.Assert.fail(Assert.java:94)
	at com.first.utils.AssertUtils.checkIntNum(AssertUtils.java:14)
	at com.first.testcases.NewTest.f1(NewTest.java:26)
	at sun.reflect.NativeMethodAccessorImpl.invoke0(Native Method)
	at sun.reflect.NativeMethodAccessorImpl.invoke(Unknown Source)
	at sun.reflect.DelegatingMethodAccessorImpl.invoke(Unknown Source)
	at java.lang.reflect.Method.invoke(Unknown Source)
	at org.testng.internal.MethodInvocationHelper.invokeMethod(MethodInvocationHelper.java:86)
	at org.testng.internal.Invoker.invokeMethod(Invoker.java:643)
	at org.testng.internal.Invoker.retryFailed(Invoker.java:967)
	at org.testng.internal.Invoker.invokeTestMethods(Invoker.java:1146)
	at org.testng.internal.TestMethodWorker.invokeTestMethods(TestMethodWorker.java:129)
	at org.testng.internal.TestMethodWorker.run(TestMethodWorker.java:112)
	at org.testng.TestRunner.privateRun(TestRunner.java:782)
	at org.testng.TestRunner.run(TestRunner.java:632)
	at org.testng.SuiteRunner.runTest(SuiteRunner.java:366)
	at org.testng.SuiteRunner.runSequentially(SuiteRunner.java:361)
	at org.testng.SuiteRunner.privateRun(SuiteRunner.java:319)
	at org.testng.SuiteRunner.run(SuiteRunner.java:268)
	at org.testng.SuiteRunnerWorker.runSuite(SuiteRunnerWorker.java:52)
	at org.testng.SuiteRunnerWorker.run(SuiteRunnerWorker.java:86)
	at org.testng.TestNG.runSuitesSequentially(TestNG.java:1244)
	at org.testng.TestNG.runSuitesLocally(TestNG.java:1169)
	at org.testng.TestNG.run(TestNG.java:1064)
	at org.testng.remote.RemoteTestNG.run(RemoteTestNG.java:113)
	at org.testng.remote.RemoteTestNG.initAndRun(RemoteTestNG.java:206)
	at org.testng.remote.RemoteTestNG.main(RemoteTestNG.java:177)
</pre></div></td>
<td>0</td>
<td>com.first.testcases.NewTest@55040f2f</td></tr>
<tr>
<td title='com.first.testcases.LoginTest.loginTest01()'><b>loginTest01</b><br>Test class: com.first.testcases.LoginTest<br/>
<a href="#Output-365625031" onClick='toggleBox("Output-365625031", this, "Show output", "Hide output");'>Show output</a>

<a href="#Output-365625031" onClick="toggleAllBoxes();">Show all outputs</a>
<div class='log' id="Output-365625031">
<span style="color:#2A00FF">【info】com.first.uiframework.DriverUtils: 打开网址：http://192.168.0.113:80/zentao</span><br /><br/>
<span style="color:#FF0000">【error】com.first.uiframework.DriverUtils: 元素：用户名输入框 识别异常</span><br /><br/>
<span style="color:#2A00FF">【info】com.first.uiframework.DriverUtils: 截图成功，图片保存路径为：F:\workspace\UITest\shot\findElementErrorImage_2017_03_26_18_46_03.png</span><br /><br/>
<a target='_blank' href="file:F:\workspace\UITest\shot\findElementErrorImage_2017_03_26_18_46_03.png"><br/>
<img width="220" src="file:F:\workspace\UITest\shot\findElementErrorImage_2017_03_26_18_46_03.png" />    截图：C:\Users\ADMINI~1\AppData\Local\Temp\screenshot2683298712968072051.png<br/>
</a><br /><br/>
<span style="color:#2A00FF">【info】com.first.utils.TestngRetry: 测试类：'com.first.utils.TestngRetry' 中的测试方法：'loginTest01' 执行失败，重试第 1 次</span><br /><br/>
<span style="color:#FF0000">【error】com.first.utils.TestNGListener: 【loginTest01】测试用例被跳过</span><br /><br/>
</div>
</td>
<td><div><pre>java.lang.AssertionError: 查找元素异常，退出当前测试用例
	at com.first.uiframework.WebElementUtils.getElement(WebElementUtils.java:54)
	at com.first.uiframework.WebElementUtils$1.apply(WebElementUtils.java:63)
	at com.first.uiframework.WebElementUtils$1.apply(WebElementUtils.java:1)
	at org.openqa.selenium.support.ui.FluentWait.until(FluentWait.java:238)
	at com.first.uiframework.WebElementUtils.findElement(WebElementUtils.java:61)
	at com.first.uiframework.WebElementUtils.input(WebElementUtils.java:76)
	at com.first.pages.LoginPage.inputUserName(LoginPage.java:30)
	at com.first.actions.LoginOperate.LoginSuess(LoginOperate.java:25)
	at com.first.actions.LoginOperate.getLoginName(LoginOperate.java:32)
	at com.first.testcases.LoginTest.loginTest01(LoginTest.java:47)
... Removed 25 stack frames</pre></div><a href='#' onClick='toggleBox("stack-trace365625031", this, "Click to show all stack frames", "Click to hide stack frames")'>Click to show all stack frames</a>
<div class='stack-trace' id='stack-trace365625031'><pre>java.lang.AssertionError: 查找元素异常，退出当前测试用例
	at org.testng.Assert.fail(Assert.java:94)
	at com.first.uiframework.WebElementUtils.getElement(WebElementUtils.java:54)
	at com.first.uiframework.WebElementUtils$1.apply(WebElementUtils.java:63)
	at com.first.uiframework.WebElementUtils$1.apply(WebElementUtils.java:1)
	at org.openqa.selenium.support.ui.FluentWait.until(FluentWait.java:238)
	at com.first.uiframework.WebElementUtils.findElement(WebElementUtils.java:61)
	at com.first.uiframework.WebElementUtils.input(WebElementUtils.java:76)
	at com.first.pages.LoginPage.inputUserName(LoginPage.java:30)
	at com.first.actions.LoginOperate.LoginSuess(LoginOperate.java:25)
	at com.first.actions.LoginOperate.getLoginName(LoginOperate.java:32)
	at com.first.testcases.LoginTest.loginTest01(LoginTest.java:47)
	at sun.reflect.NativeMethodAccessorImpl.invoke0(Native Method)
	at sun.reflect.NativeMethodAccessorImpl.invoke(Unknown Source)
	at sun.reflect.DelegatingMethodAccessorImpl.invoke(Unknown Source)
	at java.lang.reflect.Method.invoke(Unknown Source)
	at org.testng.internal.MethodInvocationHelper.invokeMethod(MethodInvocationHelper.java:86)
	at org.testng.internal.Invoker.invokeMethod(Invoker.java:643)
	at org.testng.internal.Invoker.invokeTestMethod(Invoker.java:820)
	at org.testng.internal.Invoker.invokeTestMethods(Invoker.java:1128)
	at org.testng.internal.TestMethodWorker.invokeTestMethods(TestMethodWorker.java:129)
	at org.testng.internal.TestMethodWorker.run(TestMethodWorker.java:112)
	at org.testng.TestRunner.privateRun(TestRunner.java:782)
	at org.testng.TestRunner.run(TestRunner.java:632)
	at org.testng.SuiteRunner.runTest(SuiteRunner.java:366)
	at org.testng.SuiteRunner.runSequentially(SuiteRunner.java:361)
	at org.testng.SuiteRunner.privateRun(SuiteRunner.java:319)
	at org.testng.SuiteRunner.run(SuiteRunner.java:268)
	at org.testng.SuiteRunnerWorker.runSuite(SuiteRunnerWorker.java:52)
	at org.testng.SuiteRunnerWorker.run(SuiteRunnerWorker.java:86)
	at org.testng.TestNG.runSuitesSequentially(TestNG.java:1244)
	at org.testng.TestNG.runSuitesLocally(TestNG.java:1169)
	at org.testng.TestNG.run(TestNG.java:1064)
	at org.testng.remote.RemoteTestNG.run(RemoteTestNG.java:113)
	at org.testng.remote.RemoteTestNG.initAndRun(RemoteTestNG.java:206)
	at org.testng.remote.RemoteTestNG.main(RemoteTestNG.java:177)
</pre></div></td>
<td>80</td>
<td>com.first.testcases.LoginTest@6ee12bac</td></tr>
<tr>
<td title='com.first.testcases.LoginTest.loginTest01()'><b>loginTest01</b><br>Test class: com.first.testcases.LoginTest<br/>
<a href="#Output-747158012" onClick='toggleBox("Output-747158012", this, "Show output", "Hide output");'>Show output</a>

<a href="#Output-747158012" onClick="toggleAllBoxes();">Show all outputs</a>
<div class='log' id="Output-747158012">
<span style="color:#2A00FF">【info】com.first.uiframework.DriverUtils: 打开网址：http://192.168.0.113:80/zentao</span><br /><br/>
<span style="color:#FF0000">【error】com.first.uiframework.DriverUtils: 元素：用户名输入框 识别异常</span><br /><br/>
<span style="color:#2A00FF">【info】com.first.uiframework.DriverUtils: 截图成功，图片保存路径为：F:\workspace\UITest\shot\findElementErrorImage_2017_03_26_18_46_35.png</span><br /><br/>
<a target='_blank' href="file:F:\workspace\UITest\shot\findElementErrorImage_2017_03_26_18_46_35.png"><br/>
<img width="220" src="file:F:\workspace\UITest\shot\findElementErrorImage_2017_03_26_18_46_35.png" />    截图：C:\Users\ADMINI~1\AppData\Local\Temp\screenshot3987079852622025879.png<br/>
</a><br /><br/>
<span style="color:#2A00FF">【info】com.first.utils.TestngRetry: 测试类：'com.first.utils.TestngRetry' 中的测试方法：'loginTest01' 执行失败，重试第 2 次</span><br /><br/>
<span style="color:#FF0000">【error】com.first.utils.TestNGListener: 【loginTest01】测试用例被跳过</span><br /><br/>
</div>
</td>
<td><div><pre>java.lang.AssertionError: 查找元素异常，退出当前测试用例
	at com.first.uiframework.WebElementUtils.getElement(WebElementUtils.java:54)
	at com.first.uiframework.WebElementUtils$1.apply(WebElementUtils.java:63)
	at com.first.uiframework.WebElementUtils$1.apply(WebElementUtils.java:1)
	at org.openqa.selenium.support.ui.FluentWait.until(FluentWait.java:238)
	at com.first.uiframework.WebElementUtils.findElement(WebElementUtils.java:61)
	at com.first.uiframework.WebElementUtils.input(WebElementUtils.java:76)
	at com.first.pages.LoginPage.inputUserName(LoginPage.java:30)
	at com.first.actions.LoginOperate.LoginSuess(LoginOperate.java:25)
	at com.first.actions.LoginOperate.getLoginName(LoginOperate.java:32)
	at com.first.testcases.LoginTest.loginTest01(LoginTest.java:47)
... Removed 25 stack frames</pre></div><a href='#' onClick='toggleBox("stack-trace747158012", this, "Click to show all stack frames", "Click to hide stack frames")'>Click to show all stack frames</a>
<div class='stack-trace' id='stack-trace747158012'><pre>java.lang.AssertionError: 查找元素异常，退出当前测试用例
	at org.testng.Assert.fail(Assert.java:94)
	at com.first.uiframework.WebElementUtils.getElement(WebElementUtils.java:54)
	at com.first.uiframework.WebElementUtils$1.apply(WebElementUtils.java:63)
	at com.first.uiframework.WebElementUtils$1.apply(WebElementUtils.java:1)
	at org.openqa.selenium.support.ui.FluentWait.until(FluentWait.java:238)
	at com.first.uiframework.WebElementUtils.findElement(WebElementUtils.java:61)
	at com.first.uiframework.WebElementUtils.input(WebElementUtils.java:76)
	at com.first.pages.LoginPage.inputUserName(LoginPage.java:30)
	at com.first.actions.LoginOperate.LoginSuess(LoginOperate.java:25)
	at com.first.actions.LoginOperate.getLoginName(LoginOperate.java:32)
	at com.first.testcases.LoginTest.loginTest01(LoginTest.java:47)
	at sun.reflect.NativeMethodAccessorImpl.invoke0(Native Method)
	at sun.reflect.NativeMethodAccessorImpl.invoke(Unknown Source)
	at sun.reflect.DelegatingMethodAccessorImpl.invoke(Unknown Source)
	at java.lang.reflect.Method.invoke(Unknown Source)
	at org.testng.internal.MethodInvocationHelper.invokeMethod(MethodInvocationHelper.java:86)
	at org.testng.internal.Invoker.invokeMethod(Invoker.java:643)
	at org.testng.internal.Invoker.retryFailed(Invoker.java:967)
	at org.testng.internal.Invoker.invokeTestMethods(Invoker.java:1146)
	at org.testng.internal.TestMethodWorker.invokeTestMethods(TestMethodWorker.java:129)
	at org.testng.internal.TestMethodWorker.run(TestMethodWorker.java:112)
	at org.testng.TestRunner.privateRun(TestRunner.java:782)
	at org.testng.TestRunner.run(TestRunner.java:632)
	at org.testng.SuiteRunner.runTest(SuiteRunner.java:366)
	at org.testng.SuiteRunner.runSequentially(SuiteRunner.java:361)
	at org.testng.SuiteRunner.privateRun(SuiteRunner.java:319)
	at org.testng.SuiteRunner.run(SuiteRunner.java:268)
	at org.testng.SuiteRunnerWorker.runSuite(SuiteRunnerWorker.java:52)
	at org.testng.SuiteRunnerWorker.run(SuiteRunnerWorker.java:86)
	at org.testng.TestNG.runSuitesSequentially(TestNG.java:1244)
	at org.testng.TestNG.runSuitesLocally(TestNG.java:1169)
	at org.testng.TestNG.run(TestNG.java:1064)
	at org.testng.remote.RemoteTestNG.run(RemoteTestNG.java:113)
	at org.testng.remote.RemoteTestNG.initAndRun(RemoteTestNG.java:206)
	at org.testng.remote.RemoteTestNG.main(RemoteTestNG.java:177)
</pre></div></td>
<td>31</td>
<td>com.first.testcases.LoginTest@6ee12bac</td></tr>
</table><p>
</body>
</html>