<?xml version="1.0" encoding="UTF-8"?>
<!-- Generated by org.testng.reporters.JUnitXMLReporter -->
<testsuite hostname="李琦" name="test1" tests="8" failures="2" timestamp="26 Mar 2017 10:47:12 GMT" time="151.451" errors="0">
  <testcase name="loginTest01" time="80.178" classname="com.first.testcases.LoginTest">
    <skipped/>
  </testcase> <!-- loginTest01 -->
  <testcase name="loginTest01" time="31.381" classname="com.first.testcases.LoginTest">
    <skipped/>
  </testcase> <!-- loginTest01 -->
  <testcase name="loginTest01" time="31.33" classname="com.first.testcases.LoginTest">
    <failure type="java.lang.AssertionError" message="查找元素异常，退出当前测试用例">
      <![CDATA[java.lang.AssertionError: 查找元素异常，退出当前测试用例
	at com.first.uiframework.WebElementUtils.getElement(WebElementUtils.java:54)
	at com.first.uiframework.WebElementUtils$1.apply(WebElementUtils.java:63)
	at com.first.uiframework.WebElementUtils$1.apply(WebElementUtils.java:1)
	at org.openqa.selenium.support.ui.FluentWait.until(FluentWait.java:238)
	at com.first.uiframework.WebElementUtils.findElement(WebElementUtils.java:61)
	at com.first.uiframework.WebElementUtils.input(WebElementUtils.java:76)
	at com.first.pages.LoginPage.inputUserName(LoginPage.java:30)
	at com.first.actions.LoginOperate.LoginSuess(LoginOperate.java:25)
	at com.first.actions.LoginOperate.getLoginName(LoginOperate.java:32)
	at com.first.testcases.LoginTest.loginTest01(LoginTest.java:47)
... Removed 25 stack frames]]>
    </failure>
  </testcase> <!-- loginTest01 -->
  <testcase name="f1" time="0.0" classname="com.first.testcases.NewTest">
    <skipped/>
  </testcase> <!-- f1 -->
  <testcase name="f1" time="0.0" classname="com.first.testcases.NewTest">
    <skipped/>
  </testcase> <!-- f1 -->
  <testcase name="f1" time="0.0" classname="com.first.testcases.NewTest">
    <failure type="java.lang.AssertionError" message="断言失败">
      <![CDATA[java.lang.AssertionError: 断言失败
	at com.first.utils.AssertUtils.checkIntNum(AssertUtils.java:14)
	at com.first.testcases.NewTest.f1(NewTest.java:26)
... Removed 25 stack frames]]>
    </failure>
  </testcase> <!-- f1 -->
  <testcase name="f2" time="0.0" classname="com.first.testcases.NewTest"/>
  <testcase name="f" time="0.016" classname="com.first.testcases.NewTest1"/>
</testsuite> <!-- test1 -->
